Listening on 8080
event> { from: '17327880638',
  to: '12525629514',
  uuid: '92ecc8a5aa9b0c3209721b0051c8ad84',
  conversation_uuid: 'CON-6684d609-6ea1-4b14-9ec8-c2cf00fd684b',
  status: 'started',
  direction: 'inbound',
  timestamp: '2017-12-29T17:52:17.178Z' }
event> { from: '17327880638',
  to: '12525629514',
  uuid: '92ecc8a5aa9b0c3209721b0051c8ad84',
  conversation_uuid: 'CON-6684d609-6ea1-4b14-9ec8-c2cf00fd684b',
  status: 'ringing',
  direction: 'inbound',
  timestamp: '2017-12-29T17:52:17.178Z' }
event> { reason: 'NCCO download error: 404',
  conversation_uuid: 'CON-6684d609-6ea1-4b14-9ec8-c2cf00fd684b',
  timestamp: '2017-12-29T17:52:17.341Z' }
event> { duration: '0',
  start_time: null,
  rate: '0.00450000',
  price: '0.00000000',
  from: '17327880638',
  to: '12525629514',
  uuid: '92ecc8a5aa9b0c3209721b0051c8ad84',
  conversation_uuid: 'CON-6684d609-6ea1-4b14-9ec8-c2cf00fd684b',
  status: 'completed',
  direction: 'inbound',
  network: 'US-VIRTUAL-LEVEL3',
  timestamp: '2017-12-29T17:52:17.385Z' }
closing
event> { from: '17327880638',
  to: '12525629514',
  uuid: 'dc707d92c7ecf4930f94c7d4b86bc367',
  conversation_uuid: 'CON-ed878c15-57b0-4442-9a4e-1824820078d9',
  status: 'started',
  direction: 'inbound',
  timestamp: '2017-12-29T17:52:33.604Z' }
event> { from: '17327880638',
  to: '12525629514',
  uuid: 'dc707d92c7ecf4930f94c7d4b86bc367',
  conversation_uuid: 'CON-ed878c15-57b0-4442-9a4e-1824820078d9',
  status: 'ringing',
  direction: 'inbound',
  timestamp: '2017-12-29T17:52:33.604Z' }
event> { reason: 'NCCO download error: 404',
  conversation_uuid: 'CON-ed878c15-57b0-4442-9a4e-1824820078d9',
  timestamp: '2017-12-29T17:52:33.728Z' }
event> { duration: '0',
  start_time: null,
  rate: '0.00450000',
  price: '0.00000000',
  from: '17327880638',
  to: '12525629514',
  uuid: 'dc707d92c7ecf4930f94c7d4b86bc367',
  conversation_uuid: 'CON-ed878c15-57b0-4442-9a4e-1824820078d9',
  status: 'completed',
  direction: 'inbound',
  network: 'US-VIRTUAL-LEVEL3',
  timestamp: '2017-12-29T17:52:33.770Z' }
event> { from: '17327880638',
  to: '12525629514',
  uuid: '42efe2e1f38a1f0a2c5bef8228a9e7cc',
  conversation_uuid: 'CON-b8c2cd8b-c734-4a2f-92ef-ce4d8183a5c9',
  status: 'started',
  direction: 'inbound',
  timestamp: '2017-12-29T17:52:33.824Z' }
event> { from: '17327880638',
  to: '12525629514',
  uuid: '42efe2e1f38a1f0a2c5bef8228a9e7cc',
  conversation_uuid: 'CON-b8c2cd8b-c734-4a2f-92ef-ce4d8183a5c9',
  status: 'ringing',
  direction: 'inbound',
  timestamp: '2017-12-29T17:52:33.824Z' }
event> { reason: 'NCCO download error: 404',
  conversation_uuid: 'CON-b8c2cd8b-c734-4a2f-92ef-ce4d8183a5c9',
  timestamp: '2017-12-29T17:52:33.967Z' }
event> { duration: '0',
  start_time: null,
  rate: '0.00450000',
  price: '0.00000000',
  from: '17327880638',
  to: '12525629514',
  uuid: '42efe2e1f38a1f0a2c5bef8228a9e7cc',
  conversation_uuid: 'CON-b8c2cd8b-c734-4a2f-92ef-ce4d8183a5c9',
  status: 'completed',
  direction: 'inbound',
  network: 'US-VIRTUAL-LEVEL3',
  timestamp: '2017-12-29T17:52:34.006Z' }
event> { from: '17327880638',
  to: '12525629514',
  uuid: '99af34dfe0506bab00fb14f97edf8de1',
  conversation_uuid: 'CON-74c65ae0-24ec-41b8-84ac-2054dc98ec0e',
  status: 'started',
  direction: 'inbound',
  timestamp: '2017-12-29T17:52:34.057Z' }
event> { from: '17327880638',
  to: '12525629514',
  uuid: '99af34dfe0506bab00fb14f97edf8de1',
  conversation_uuid: 'CON-74c65ae0-24ec-41b8-84ac-2054dc98ec0e',
  status: 'ringing',
  direction: 'inbound',
  timestamp: '2017-12-29T17:52:34.057Z' }
event> { reason: 'NCCO download error: 404',
  conversation_uuid: 'CON-74c65ae0-24ec-41b8-84ac-2054dc98ec0e',
  timestamp: '2017-12-29T17:52:34.162Z' }
event> { duration: '0',
  start_time: null,
  rate: '0.00450000',
  price: '0.00000000',
  from: '17327880638',
  to: '12525629514',
  uuid: '99af34dfe0506bab00fb14f97edf8de1',
  conversation_uuid: 'CON-74c65ae0-24ec-41b8-84ac-2054dc98ec0e',
  status: 'completed',
  direction: 'inbound',
  network: 'US-VIRTUAL-LEVEL3',
  timestamp: '2017-12-29T17:52:34.205Z' }
event> { from: '17327880638',
  to: '12525629514',
  uuid: '47e0e0e8f2a2118bea94fff0a71dd4b6',
  conversation_uuid: 'CON-19fbb606-5e07-45a8-9eb8-7ff826a30e80',
  status: 'started',
  direction: 'inbound',
  timestamp: '2017-12-29T17:52:34.255Z' }
event> { from: '17327880638',
  to: '12525629514',
  uuid: '47e0e0e8f2a2118bea94fff0a71dd4b6',
  conversation_uuid: 'CON-19fbb606-5e07-45a8-9eb8-7ff826a30e80',
  status: 'ringing',
  direction: 'inbound',
  timestamp: '2017-12-29T17:52:34.255Z' }
event> { reason: 'NCCO download error: 404',
  conversation_uuid: 'CON-19fbb606-5e07-45a8-9eb8-7ff826a30e80',
  timestamp: '2017-12-29T17:52:34.383Z' }
event> { duration: '0',
  start_time: null,
  rate: '0.00450000',
  price: '0.00000000',
  from: '17327880638',
  to: '12525629514',
  uuid: '47e0e0e8f2a2118bea94fff0a71dd4b6',
  conversation_uuid: 'CON-19fbb606-5e07-45a8-9eb8-7ff826a30e80',
  status: 'completed',
  direction: 'inbound',
  network: 'US-VIRTUAL-LEVEL3',
  timestamp: '2017-12-29T17:52:34.421Z' }
